[0618/023151.344:ERROR:process_memory_win.cc(73)] ReadMemory at 0x7ff628010000 of 64 bytes failed: Only part of a ReadProcessMemory or WriteProcessMemory request was completed. (0x12B)
[0618/023151.346:WARNING:pe_image_reader.cc(340)] could not read dos header from C:\Program Files (x86)\Google\Chrome\Application\chrome.exe
[0618/023151.346:ERROR:process_memory_win.cc(73)] ReadMemory at 0x7ff87dd20000 of 64 bytes failed: Only part of a ReadProcessMemory or WriteProcessMemory request was completed. (0x12B)
[0618/023151.346:WARNING:pe_image_reader.cc(340)] could not read dos header from C:\WINDOWS\SYSTEM32\ntdll.dll
[0618/023151.346:ERROR:process_memory_win.cc(73)] ReadMemory at 0x7ff87d1d0000 of 64 bytes failed: Only part of a ReadProcessMemory or WriteProcessMemory request was completed. (0x12B)
[0618/023151.346:WARNING:pe_image_reader.cc(340)] could not read dos header from C:\WINDOWS\System32\KERNEL32.DLL
[0618/023151.347:ERROR:process_memory_win.cc(73)] ReadMemory at 0x7ff87bb20000 of 64 bytes failed: Only part of a ReadProcessMemory or WriteProcessMemory request was completed. (0x12B)
[0618/023151.347:WARNING:pe_image_reader.cc(340)] could not read dos header from C:\WINDOWS\System32\KERNELBASE.dll
[0618/023151.347:ERROR:process_memory_win.cc(73)] ReadMemory at 0x7ff878cb0000 of 64 bytes failed: Only part of a ReadProcessMemory or WriteProcessMemory request was completed. (0x12B)
[0618/023151.347:WARNING:pe_image_reader.cc(340)] could not read dos header from C:\WINDOWS\SYSTEM32\apphelp.dll
[0618/023151.347:ERROR:process_memory_win.cc(73)] ReadMemory at 0x7ff85e8f0000 of 64 bytes failed: Only part of a ReadProcessMemory or WriteProcessMemory request was completed. (0x12B)
[0618/023151.347:WARNING:pe_image_reader.cc(340)] could not read dos header from C:\Program Files (x86)\Google\Chrome\Application\83.0.4103.106\chrome_elf.dll
[0618/023151.347:ERROR:process_memory_win.cc(73)] ReadMemory at 0x7ff874380000 of 64 bytes failed: Only part of a ReadProcessMemory or WriteProcessMemory request was completed. (0x12B)
[0618/023151.347:WARNING:pe_image_reader.cc(340)] could not read dos header from C:\WINDOWS\SYSTEM32\VERSION.dll
[0618/023151.347:ERROR:process_memory_win.cc(73)] ReadMemory at 0x7ff87da40000 of 64 bytes failed: Only part of a ReadProcessMemory or WriteProcessMemory request was completed. (0x12B)
[0618/023151.347:WARNING:pe_image_reader.cc(340)] could not read dos header from C:\WINDOWS\System32\msvcrt.dll
[0618/023151.347:ERROR:process_memory_win.cc(73)] ReadMemory at 0x7ff87acb0000 of 64 bytes failed: Only part of a ReadProcessMemory or WriteProcessMemory request was completed. (0x12B)
[0618/023151.347:WARNING:pe_image_reader.cc(340)] could not read dos header from C:\WINDOWS\System32\bcryptPrimitives.dll
[0618/023151.347:ERROR:process_memory_win.cc(73)] ReadMemory at 0x7ff87bf40000 of 64 bytes failed: Only part of a ReadProcessMemory or WriteProcessMemory request was completed. (0x12B)
[0618/023151.347:WARNING:pe_image_reader.cc(340)] could not read dos header from C:\WINDOWS\System32\ADVAPI32.dll
[0618/023151.347:ERROR:process_memory_win.cc(73)] ReadMemory at 0x7ff87d790000 of 64 bytes failed: Only part of a ReadProcessMemory or WriteProcessMemory request was completed. (0x12B)
[0618/023151.347:WARNING:pe_image_reader.cc(340)] could not read dos header from C:\WINDOWS\System32\sechost.dll
[0618/023151.347:ERROR:process_memory_win.cc(73)] ReadMemory at 0x7ff87ca30000 of 64 bytes failed: Only part of a ReadProcessMemory or WriteProcessMemory request was completed. (0x12B)
[0618/023151.347:WARNING:pe_image_reader.cc(340)] could not read dos header from C:\WINDOWS\System32\RPCRT4.dll
[0618/023151.347:ERROR:process_memory_win.cc(73)] ReadMemory at 0x7ff8051d0000 of 64 bytes failed: Only part of a ReadProcessMemory or WriteProcessMemory request was completed. (0x12B)
[0618/023151.347:WARNING:pe_image_reader.cc(340)] could not read dos header from C:\Program Files (x86)\Google\Chrome\Application\83.0.4103.106\chrome.dll
[0618/023151.347:ERROR:process_memory_win.cc(73)] ReadMemory at 0x7ff87c9c0000 of 64 bytes failed: Only part of a ReadProcessMemory or WriteProcessMemory request was completed. (0x12B)
[0618/023151.348:WARNING:pe_image_reader.cc(340)] could not read dos header from C:\WINDOWS\System32\WS2_32.dll
[0618/023151.348:ERROR:process_memory_win.cc(73)] ReadMemory at 0x7ff87d640000 of 64 bytes failed: Only part of a ReadProcessMemory or WriteProcessMemory request was completed. (0x12B)
[0618/023151.348:WARNING:pe_image_reader.cc(340)] could not read dos header from C:\WINDOWS\System32\OLEAUT32.dll
[0618/023151.348:ERROR:process_memory_win.cc(73)] ReadMemory at 0x7ff87b8b0000 of 64 bytes failed: Only part of a ReadProcessMemory or WriteProcessMemory request was completed. (0x12B)
[0618/023151.348:WARNING:pe_image_reader.cc(340)] could not read dos header from C:\WINDOWS\System32\msvcp_win.dll
[0618/023151.348:ERROR:process_memory_win.cc(73)] ReadMemory at 0x7ff87b610000 of 64 bytes failed: Only part of a ReadProcessMemory or WriteProcessMemory request was completed. (0x12B)
[0618/023151.348:WARNING:pe_image_reader.cc(340)] could not read dos header from C:\WINDOWS\System32\ucrtbase.dll
[0618/023151.348:ERROR:process_memory_win.cc(73)] ReadMemory at 0x2040db00000 of 64 bytes failed: Only part of a ReadProcessMemory or WriteProcessMemory request was completed. (0x12B)
[0618/023151.348:WARNING:pe_image_reader.cc(340)] could not read dos header from C:\WINDOWS\System32\combase.dll
[0618/023151.348:ERROR:process_memory_win.cc(73)] ReadMemory at 0x7ff87b5b0000 of 64 bytes failed: Only part of a ReadProcessMemory or WriteProcessMemory request was completed. (0x12B)
[0618/023151.348:WARNING:pe_image_reader.cc(340)] could not read dos header from C:\WINDOWS\System32\WINTRUST.dll
[0618/023151.348:ERROR:process_memory_win.cc(73)] ReadMemory at 0x7ff87ac40000 of 64 bytes failed: Only part of a ReadProcessMemory or WriteProcessMemory request was completed. (0x12B)
[0618/023151.348:WARNING:pe_image_reader.cc(340)] could not read dos header from C:\WINDOWS\System32\MSASN1.dll
[0618/023151.348:ERROR:process_memory_win.cc(73)] ReadMemory at 0x7ff87b980000 of 64 bytes failed: Only part of a ReadProcessMemory or WriteProcessMemory request was completed. (0x12B)
[0618/023151.348:WARNING:pe_image_reader.cc(340)] could not read dos header from C:\WINDOWS\System32\CRYPT32.dll
[0618/023151.348:ERROR:process_memory_win.cc(73)] ReadMemory at 0x7ff87a160000 of 64 bytes failed: Only part of a ReadProcessMemory or WriteProcessMemory request was completed. (0x12B)
[0618/023151.348:WARNING:pe_image_reader.cc(340)] could not read dos header from C:\WINDOWS\SYSTEM32\IPHLPAPI.DLL
[0618/023151.348:ERROR:process_memory_win.cc(73)] ReadMemory at 0x7ff877200000 of 64 bytes failed: Only part of a ReadProcessMemory or WriteProcessMemory request was completed. (0x12B)
[0618/023151.348:WARNING:pe_image_reader.cc(340)] could not read dos header from C:\WINDOWS\SYSTEM32\WINMM.dll
[0618/023151.348:ERROR:process_memory_win.cc(73)] ReadMemory at 0x7ff86bad0000 of 64 bytes failed: Only part of a ReadProcessMemory or WriteProcessMemory request was completed. (0x12B)
[0618/023151.348:WARNING:pe_image_reader.cc(340)] could not read dos header from C:\WINDOWS\SYSTEM32\Secur32.dll
[0618/023151.348:ERROR:process_memory_win.cc(73)] ReadMemory at 0x7ff87ab00000 of 64 bytes failed: Only part of a ReadProcessMemory or WriteProcessMemory request was completed. (0x12B)
[0618/023151.348:WARNING:pe_image_reader.cc(340)] could not read dos header from C:\WINDOWS\SYSTEM32\USERENV.dll
[0618/023151.348:ERROR:process_memory_win.cc(73)] ReadMemory at 0x7ff87ac10000 of 64 bytes failed: Only part of a ReadProcessMemory or WriteProcessMemory request was completed. (0x12B)
[0618/023151.348:WARNING:pe_image_reader.cc(340)] could not read dos header from C:\WINDOWS\System32\profapi.dll
[0618/023151.348:ERROR:process_memory_win.cc(73)] ReadMemory at 0x7ff849b80000 of 64 bytes failed: Only part of a ReadProcessMemory or WriteProcessMemory request was completed. (0x12B)
[0618/023151.348:WARNING:pe_image_reader.cc(340)] could not read dos header from C:\WINDOWS\SYSTEM32\UIAutomationCore.DLL
[0618/023151.349:ERROR:process_memory_win.cc(73)] ReadMemory at 0x7ff84fe00000 of 64 bytes failed: Only part of a ReadProcessMemory or WriteProcessMemory request was completed. (0x12B)
[0618/023151.349:WARNING:pe_image_reader.cc(340)] could not read dos header from C:\WINDOWS\SYSTEM32\DWrite.dll
[0618/023151.349:ERROR:process_memory_win.cc(73)] ReadMemory at 0x7ff86e3f0000 of 64 bytes failed: Only part of a ReadProcessMemory or WriteProcessMemory request was completed. (0x12B)
[0618/023151.349:WARNING:pe_image_reader.cc(340)] could not read dos header from C:\WINDOWS\SYSTEM32\WINSPOOL.DRV
[0618/023151.349:ERROR:process_memory_win.cc(73)] ReadMemory at 0x7ff87abf0000 of 64 bytes failed: Only part of a ReadProcessMemory or WriteProcessMemory request was completed. (0x12B)
[0618/023151.349:WARNING:pe_image_reader.cc(340)] could not read dos header from C:\WINDOWS\System32\kernel.appcore.dll
[0618/023151.349:ERROR:process_memory_win.cc(73)] ReadMemory at 0x7ff87ad30000 of 64 bytes failed: Only part of a ReadProcessMemory or WriteProcessMemory request was completed. (0x12B)
[0618/023151.349:WARNING:pe_image_reader.cc(340)] could not read dos header from C:\WINDOWS\System32\bcrypt.dll
[0618/023151.349:ERROR:process_memory_win.cc(73)] ReadMemory at 0x7ff8727f0000 of 64 bytes failed: Only part of a ReadProcessMemory or WriteProcessMemory request was completed. (0x12B)
[0618/023151.349:WARNING:pe_image_reader.cc(340)] could not read dos header from C:\WINDOWS\SYSTEM32\dbghelp.dll
[0618/023151.349:ERROR:process_memory_win.cc(73)] ReadMemory at 0x7ff86fc40000 of 64 bytes failed: Only part of a ReadProcessMemory or WriteProcessMemory request was completed. (0x12B)
[0618/023151.349:WARNING:pe_image_reader.cc(340)] could not read dos header from C:\WINDOWS\SYSTEM32\WINHTTP.dll
[0618/023151.349:ERROR:process_memory_win.cc(73)] ReadMemory at 0x7ff8734c0000 of 64 bytes failed: Only part of a ReadProcessMemory or WriteProcessMemory request was completed. (0x12B)
[0618/023151.349:WARNING:pe_image_reader.cc(340)] could not read dos header from C:\WINDOWS\SYSTEM32\dhcpcsvc.DLL
[0618/023151.349:ERROR:process_memory_win.cc(73)] ReadMemory at 0x7ff87c0b0000 of 64 bytes failed: Only part of a ReadProcessMemory or WriteProcessMemory request was completed. (0x12B)
[0618/023151.349:WARNING:pe_image_reader.cc(340)] could not read dos header from C:\WINDOWS\System32\NSI.dll
[0618/023151.349:ERROR:process_memory_win.cc(73)] ReadMemory at 0x7ff8771c0000 of 64 bytes failed: Only part of a ReadProcessMemory or WriteProcessMemory request was completed. (0x12B)
[0618/023151.349:WARNING:pe_image_reader.cc(340)] could not read dos header from C:\WINDOWS\SYSTEM32\WINMMBASE.dll
[0618/023151.349:ERROR:process_memory_win.cc(73)] ReadMemory at 0x7ff87bad0000 of 64 bytes failed: Only part of a ReadProcessMemory or WriteProcessMemory request was completed. (0x12B)
[0618/023151.349:WARNING:pe_image_reader.cc(340)] could not read dos header from C:\WINDOWS\System32\cfgmgr32.dll
[0618/023151.349:ERROR:process_memory_win.cc(73)] ReadMemory at 0x7ff876c70000 of 64 bytes failed: Only part of a ReadProcessMemory or WriteProcessMemory request was completed. (0x12B)
[0618/023151.349:WARNING:pe_image_reader.cc(340)] could not read dos header from C:\WINDOWS\SYSTEM32\PROPSYS.dll
[0618/023151.349:ERROR:process_memory_win.cc(73)] ReadMemory at 0x7ff87bff0000 of 64 bytes failed: Only part of a ReadProcessMemory or WriteProcessMemory request was completed. (0x12B)
[0618/023151.349:WARNING:pe_image_reader.cc(340)] could not read dos header from C:\WINDOWS\System32\shcore.dll
[0618/023151.349:ERROR:process_memory_win.cc(73)] ReadMemory at 0x7ff87aad0000 of 64 bytes failed: Only part of a ReadProcessMemory or WriteProcessMemory request was completed. (0x12B)
[0618/023151.349:WARNING:pe_image_reader.cc(340)] could not read dos header from C:\WINDOWS\SYSTEM32\SSPICLI.DLL
[0618/023151.349:ERROR:process_memory_win.cc(73)] ReadMemory at 0x7ff87a620000 of 64 bytes failed: Only part of a ReadProcessMemory or WriteProcessMemory request was completed. (0x12B)
[0618/023151.349:WARNING:pe_image_reader.cc(340)] could not read dos header from C:\WINDOWS\SYSTEM32\CRYPTBASE.DLL
[0618/023151.353:ERROR:process_memory_win.cc(73)] ReadMemory at 0x7ff628010000 of 64 bytes failed: Only part of a ReadProcessMemory or WriteProcessMemory request was completed. (0x12B)
[0618/023151.353:WARNING:pe_image_reader.cc(340)] could not read dos header from C:\Program Files (x86)\Google\Chrome\Application\chrome.exe
[0618/023151.353:ERROR:process_memory_win.cc(73)] ReadMemory at 0x7ff87dd20000 of 64 bytes failed: Only part of a ReadProcessMemory or WriteProcessMemory request was completed. (0x12B)
[0618/023151.353:WARNING:pe_image_reader.cc(340)] could not read dos header from C:\WINDOWS\SYSTEM32\ntdll.dll
[0618/023151.353:ERROR:process_memory_win.cc(73)] ReadMemory at 0x7ff87d1d0000 of 64 bytes failed: Only part of a ReadProcessMemory or WriteProcessMemory request was completed. (0x12B)
[0618/023151.353:WARNING:pe_image_reader.cc(340)] could not read dos header from C:\WINDOWS\System32\KERNEL32.DLL
[0618/023151.353:ERROR:process_memory_win.cc(73)] ReadMemory at 0x7ff87bb20000 of 64 bytes failed: Only part of a ReadProcessMemory or WriteProcessMemory request was completed. (0x12B)
[0618/023151.353:WARNING:pe_image_reader.cc(340)] could not read dos header from C:\WINDOWS\System32\KERNELBASE.dll
[0618/023151.354:ERROR:process_memory_win.cc(73)] ReadMemory at 0x7ff878cb0000 of 64 bytes failed: Only part of a ReadProcessMemory or WriteProcessMemory request was completed. (0x12B)
[0618/023151.354:WARNING:pe_image_reader.cc(340)] could not read dos header from C:\WINDOWS\SYSTEM32\apphelp.dll
[0618/023151.354:ERROR:process_memory_win.cc(73)] ReadMemory at 0x7ff85e8f0000 of 64 bytes failed: Only part of a ReadProcessMemory or WriteProcessMemory request was completed. (0x12B)
[0618/023151.354:WARNING:pe_image_reader.cc(340)] could not read dos header from C:\Program Files (x86)\Google\Chrome\Application\83.0.4103.106\chrome_elf.dll
[0618/023151.354:ERROR:process_memory_win.cc(73)] ReadMemory at 0x7ff874380000 of 64 bytes failed: Only part of a ReadProcessMemory or WriteProcessMemory request was completed. (0x12B)
[0618/023151.354:WARNING:pe_image_reader.cc(340)] could not read dos header from C:\WINDOWS\SYSTEM32\VERSION.dll
[0618/023151.354:ERROR:process_memory_win.cc(73)] ReadMemory at 0x7ff87da40000 of 64 bytes failed: Only part of a ReadProcessMemory or WriteProcessMemory request was completed. (0x12B)
[0618/023151.354:WARNING:pe_image_reader.cc(340)] could not read dos header from C:\WINDOWS\System32\msvcrt.dll
[0618/023151.354:ERROR:process_memory_win.cc(73)] ReadMemory at 0x7ff87acb0000 of 64 bytes failed: Only part of a ReadProcessMemory or WriteProcessMemory request was completed. (0x12B)
[0618/023151.354:WARNING:pe_image_reader.cc(340)] could not read dos header from C:\WINDOWS\System32\bcryptPrimitives.dll
[0618/023151.354:ERROR:process_memory_win.cc(73)] ReadMemory at 0x7ff87bf40000 of 64 bytes failed: Only part of a ReadProcessMemory or WriteProcessMemory request was completed. (0x12B)
[0618/023151.354:WARNING:pe_image_reader.cc(340)] could not read dos header from C:\WINDOWS\System32\ADVAPI32.dll
[0618/023151.354:ERROR:process_memory_win.cc(73)] ReadMemory at 0x7ff87d790000 of 64 bytes failed: Only part of a ReadProcessMemory or WriteProcessMemory request was completed. (0x12B)
[0618/023151.354:WARNING:pe_image_reader.cc(340)] could not read dos header from C:\WINDOWS\System32\sechost.dll
[0618/023151.354:ERROR:process_memory_win.cc(73)] ReadMemory at 0x7ff87ca30000 of 64 bytes failed: Only part of a ReadProcessMemory or WriteProcessMemory request was completed. (0x12B)
[0618/023151.354:WARNING:pe_image_reader.cc(340)] could not read dos header from C:\WINDOWS\System32\RPCRT4.dll
[0618/023151.354:ERROR:process_memory_win.cc(73)] ReadMemory at 0x7ff8051d0000 of 64 bytes failed: Only part of a ReadProcessMemory or WriteProcessMemory request was completed. (0x12B)
[0618/023151.354:WARNING:pe_image_reader.cc(340)] could not read dos header from C:\Program Files (x86)\Google\Chrome\Application\83.0.4103.106\chrome.dll
[0618/023151.354:ERROR:process_memory_win.cc(73)] ReadMemory at 0x7ff87c9c0000 of 64 bytes failed: Only part of a ReadProcessMemory or WriteProcessMemory request was completed. (0x12B)
[0618/023151.354:WARNING:pe_image_reader.cc(340)] could not read dos header from C:\WINDOWS\System32\WS2_32.dll
[0618/023151.354:ERROR:process_memory_win.cc(73)] ReadMemory at 0x7ff87d640000 of 64 bytes failed: Only part of a ReadProcessMemory or WriteProcessMemory request was completed. (0x12B)
[0618/023151.354:WARNING:pe_image_reader.cc(340)] could not read dos header from C:\WINDOWS\System32\OLEAUT32.dll
[0618/023151.354:ERROR:process_memory_win.cc(73)] ReadMemory at 0x7ff87b8b0000 of 64 bytes failed: Only part of a ReadProcessMemory or WriteProcessMemory request was completed. (0x12B)
[0618/023151.354:WARNING:pe_image_reader.cc(340)] could not read dos header from C:\WINDOWS\System32\msvcp_win.dll
[0618/023151.354:ERROR:process_memory_win.cc(73)] ReadMemory at 0x7ff87b610000 of 64 bytes failed: Only part of a ReadProcessMemory or WriteProcessMemory request was completed. (0x12B)
[0618/023151.354:WARNING:pe_image_reader.cc(340)] could not read dos header from C:\WINDOWS\System32\ucrtbase.dll
[0618/023151.354:ERROR:process_memory_win.cc(73)] ReadMemory at 0x2040db00000 of 64 bytes failed: Only part of a ReadProcessMemory or WriteProcessMemory request was completed. (0x12B)
[0618/023151.354:WARNING:pe_image_reader.cc(340)] could not read dos header from C:\WINDOWS\System32\combase.dll
[0618/023151.354:ERROR:process_memory_win.cc(73)] ReadMemory at 0x7ff87b5b0000 of 64 bytes failed: Only part of a ReadProcessMemory or WriteProcessMemory request was completed. (0x12B)
[0618/023151.354:WARNING:pe_image_reader.cc(340)] could not read dos header from C:\WINDOWS\System32\WINTRUST.dll
[0618/023151.354:ERROR:process_memory_win.cc(73)] ReadMemory at 0x7ff87ac40000 of 64 bytes failed: Only part of a ReadProcessMemory or WriteProcessMemory request was completed. (0x12B)
[0618/023151.354:WARNING:pe_image_reader.cc(340)] could not read dos header from C:\WINDOWS\System32\MSASN1.dll
[0618/023151.354:ERROR:process_memory_win.cc(73)] ReadMemory at 0x7ff87b980000 of 64 bytes failed: Only part of a ReadProcessMemory or WriteProcessMemory request was completed. (0x12B)
[0618/023151.354:WARNING:pe_image_reader.cc(340)] could not read dos header from C:\WINDOWS\System32\CRYPT32.dll
[0618/023151.355:ERROR:process_memory_win.cc(73)] ReadMemory at 0x7ff87a160000 of 64 bytes failed: Only part of a ReadProcessMemory or WriteProcessMemory request was completed. (0x12B)
[0618/023151.355:WARNING:pe_image_reader.cc(340)] could not read dos header from C:\WINDOWS\SYSTEM32\IPHLPAPI.DLL
[0618/023151.355:ERROR:process_memory_win.cc(73)] ReadMemory at 0x7ff877200000 of 64 bytes failed: Only part of a ReadProcessMemory or WriteProcessMemory request was completed. (0x12B)
[0618/023151.355:WARNING:pe_image_reader.cc(340)] could not read dos header from C:\WINDOWS\SYSTEM32\WINMM.dll
[0618/023151.355:ERROR:process_memory_win.cc(73)] ReadMemory at 0x7ff86bad0000 of 64 bytes failed: Only part of a ReadProcessMemory or WriteProcessMemory request was completed. (0x12B)
[0618/023151.355:WARNING:pe_image_reader.cc(340)] could not read dos header from C:\WINDOWS\SYSTEM32\Secur32.dll
[0618/023151.355:ERROR:process_memory_win.cc(73)] ReadMemory at 0x7ff87ab00000 of 64 bytes failed: Only part of a ReadProcessMemory or WriteProcessMemory request was completed. (0x12B)
[0618/023151.355:WARNING:pe_image_reader.cc(340)] could not read dos header from C:\WINDOWS\SYSTEM32\USERENV.dll
[0618/023151.355:ERROR:process_memory_win.cc(73)] ReadMemory at 0x7ff87ac10000 of 64 bytes failed: Only part of a ReadProcessMemory or WriteProcessMemory request was completed. (0x12B)
[0618/023151.355:WARNING:pe_image_reader.cc(340)] could not read dos header from C:\WINDOWS\System32\profapi.dll
[0618/023151.355:ERROR:process_memory_win.cc(73)] ReadMemory at 0x7ff849b80000 of 64 bytes failed: Only part of a ReadProcessMemory or WriteProcessMemory request was completed. (0x12B)
[0618/023151.355:WARNING:pe_image_reader.cc(340)] could not read dos header from C:\WINDOWS\SYSTEM32\UIAutomationCore.DLL
[0618/023151.355:ERROR:process_memory_win.cc(73)] ReadMemory at 0x7ff84fe00000 of 64 bytes failed: Only part of a ReadProcessMemory or WriteProcessMemory request was completed. (0x12B)
[0618/023151.355:WARNING:pe_image_reader.cc(340)] could not read dos header from C:\WINDOWS\SYSTEM32\DWrite.dll
[0618/023151.355:ERROR:process_memory_win.cc(73)] ReadMemory at 0x7ff86e3f0000 of 64 bytes failed: Only part of a ReadProcessMemory or WriteProcessMemory request was completed. (0x12B)
[0618/023151.355:WARNING:pe_image_reader.cc(340)] could not read dos header from C:\WINDOWS\SYSTEM32\WINSPOOL.DRV
[0618/023151.355:ERROR:process_memory_win.cc(73)] ReadMemory at 0x7ff87abf0000 of 64 bytes failed: Only part of a ReadProcessMemory or WriteProcessMemory request was completed. (0x12B)
[0618/023151.355:WARNING:pe_image_reader.cc(340)] could not read dos header from C:\WINDOWS\System32\kernel.appcore.dll
[0618/023151.355:ERROR:process_memory_win.cc(73)] ReadMemory at 0x7ff87ad30000 of 64 bytes failed: Only part of a ReadProcessMemory or WriteProcessMemory request was completed. (0x12B)
[0618/023151.355:WARNING:pe_image_reader.cc(340)] could not read dos header from C:\WINDOWS\System32\bcrypt.dll
[0618/023151.355:ERROR:process_memory_win.cc(73)] ReadMemory at 0x7ff8727f0000 of 64 bytes failed: Only part of a ReadProcessMemory or WriteProcessMemory request was completed. (0x12B)
[0618/023151.355:WARNING:pe_image_reader.cc(340)] could not read dos header from C:\WINDOWS\SYSTEM32\dbghelp.dll
[0618/023151.355:ERROR:process_memory_win.cc(73)] ReadMemory at 0x7ff86fc40000 of 64 bytes failed: Only part of a ReadProcessMemory or WriteProcessMemory request was completed. (0x12B)
[0618/023151.355:WARNING:pe_image_reader.cc(340)] could not read dos header from C:\WINDOWS\SYSTEM32\WINHTTP.dll
[0618/023151.355:ERROR:process_memory_win.cc(73)] ReadMemory at 0x7ff8734c0000 of 64 bytes failed: Only part of a ReadProcessMemory or WriteProcessMemory request was completed. (0x12B)
[0618/023151.355:WARNING:pe_image_reader.cc(340)] could not read dos header from C:\WINDOWS\SYSTEM32\dhcpcsvc.DLL
[0618/023151.355:ERROR:process_memory_win.cc(73)] ReadMemory at 0x7ff87c0b0000 of 64 bytes failed: Only part of a ReadProcessMemory or WriteProcessMemory request was completed. (0x12B)
[0618/023151.355:WARNING:pe_image_reader.cc(340)] could not read dos header from C:\WINDOWS\System32\NSI.dll
[0618/023151.355:ERROR:process_memory_win.cc(73)] ReadMemory at 0x7ff8771c0000 of 64 bytes failed: Only part of a ReadProcessMemory or WriteProcessMemory request was completed. (0x12B)
[0618/023151.355:WARNING:pe_image_reader.cc(340)] could not read dos header from C:\WINDOWS\SYSTEM32\WINMMBASE.dll
[0618/023151.355:ERROR:process_memory_win.cc(73)] ReadMemory at 0x7ff87bad0000 of 64 bytes failed: Only part of a ReadProcessMemory or WriteProcessMemory request was completed. (0x12B)
[0618/023151.355:WARNING:pe_image_reader.cc(340)] could not read dos header from C:\WINDOWS\System32\cfgmgr32.dll
[0618/023151.355:ERROR:process_memory_win.cc(73)] ReadMemory at 0x7ff876c70000 of 64 bytes failed: Only part of a ReadProcessMemory or WriteProcessMemory request was completed. (0x12B)
[0618/023151.355:WARNING:pe_image_reader.cc(340)] could not read dos header from C:\WINDOWS\SYSTEM32\PROPSYS.dll
[0618/023151.355:ERROR:process_memory_win.cc(73)] ReadMemory at 0x7ff87bff0000 of 64 bytes failed: Only part of a ReadProcessMemory or WriteProcessMemory request was completed. (0x12B)
[0618/023151.355:WARNING:pe_image_reader.cc(340)] could not read dos header from C:\WINDOWS\System32\shcore.dll
[0618/023151.356:ERROR:process_memory_win.cc(73)] ReadMemory at 0x7ff87aad0000 of 64 bytes failed: Only part of a ReadProcessMemory or WriteProcessMemory request was completed. (0x12B)
[0618/023151.356:WARNING:pe_image_reader.cc(340)] could not read dos header from C:\WINDOWS\SYSTEM32\SSPICLI.DLL
[0618/023151.356:ERROR:process_memory_win.cc(73)] ReadMemory at 0x7ff87a620000 of 64 bytes failed: Only part of a ReadProcessMemory or WriteProcessMemory request was completed. (0x12B)
[0618/023151.356:WARNING:pe_image_reader.cc(340)] could not read dos header from C:\WINDOWS\SYSTEM32\CRYPTBASE.DLL
[0618/023151.356:ERROR:process_memory_win.cc(73)] ReadMemory at 0x7ff628010000 of 64 bytes failed: Only part of a ReadProcessMemory or WriteProcessMemory request was completed. (0x12B)
[0618/023151.356:WARNING:pe_image_reader.cc(340)] could not read dos header from C:\Program Files (x86)\Google\Chrome\Application\chrome.exe
[0618/023151.356:ERROR:process_memory_win.cc(73)] ReadMemory at 0x7ff87dd20000 of 64 bytes failed: Only part of a ReadProcessMemory or WriteProcessMemory request was completed. (0x12B)
[0618/023151.356:WARNING:pe_image_reader.cc(340)] could not read dos header from C:\WINDOWS\SYSTEM32\ntdll.dll
[0618/023151.356:ERROR:process_memory_win.cc(73)] ReadMemory at 0x7ff87d1d0000 of 64 bytes failed: Only part of a ReadProcessMemory or WriteProcessMemory request was completed. (0x12B)
[0618/023151.356:WARNING:pe_image_reader.cc(340)] could not read dos header from C:\WINDOWS\System32\KERNEL32.DLL
[0618/023151.356:ERROR:process_memory_win.cc(73)] ReadMemory at 0x7ff87bb20000 of 64 bytes failed: Only part of a ReadProcessMemory or WriteProcessMemory request was completed. (0x12B)
[0618/023151.356:WARNING:pe_image_reader.cc(340)] could not read dos header from C:\WINDOWS\System32\KERNELBASE.dll
[0618/023151.356:ERROR:process_memory_win.cc(73)] ReadMemory at 0x7ff878cb0000 of 64 bytes failed: Only part of a ReadProcessMemory or WriteProcessMemory request was completed. (0x12B)
[0618/023151.356:WARNING:pe_image_reader.cc(340)] could not read dos header from C:\WINDOWS\SYSTEM32\apphelp.dll
[0618/023151.356:ERROR:process_memory_win.cc(73)] ReadMemory at 0x7ff85e8f0000 of 64 bytes failed: Only part of a ReadProcessMemory or WriteProcessMemory request was completed. (0x12B)
[0618/023151.356:WARNING:pe_image_reader.cc(340)] could not read dos header from C:\Program Files (x86)\Google\Chrome\Application\83.0.4103.106\chrome_elf.dll
[0618/023151.356:ERROR:process_memory_win.cc(73)] ReadMemory at 0x7ff874380000 of 64 bytes failed: Only part of a ReadProcessMemory or WriteProcessMemory request was completed. (0x12B)
[0618/023151.356:WARNING:pe_image_reader.cc(340)] could not read dos header from C:\WINDOWS\SYSTEM32\VERSION.dll
[0618/023151.356:ERROR:process_memory_win.cc(73)] ReadMemory at 0x7ff87da40000 of 64 bytes failed: Only part of a ReadProcessMemory or WriteProcessMemory request was completed. (0x12B)
[0618/023151.356:WARNING:pe_image_reader.cc(340)] could not read dos header from C:\WINDOWS\System32\msvcrt.dll
[0618/023151.356:ERROR:process_memory_win.cc(73)] ReadMemory at 0x7ff87acb0000 of 64 bytes failed: Only part of a ReadProcessMemory or WriteProcessMemory request was completed. (0x12B)
[0618/023151.356:WARNING:pe_image_reader.cc(340)] could not read dos header from C:\WINDOWS\System32\bcryptPrimitives.dll
[0618/023151.356:ERROR:process_memory_win.cc(73)] ReadMemory at 0x7ff87bf40000 of 64 bytes failed: Only part of a ReadProcessMemory or WriteProcessMemory request was completed. (0x12B)
[0618/023151.356:WARNING:pe_image_reader.cc(340)] could not read dos header from C:\WINDOWS\System32\ADVAPI32.dll
[0618/023151.356:ERROR:process_memory_win.cc(73)] ReadMemory at 0x7ff87d790000 of 64 bytes failed: Only part of a ReadProcessMemory or WriteProcessMemory request was completed. (0x12B)
[0618/023151.356:WARNING:pe_image_reader.cc(340)] could not read dos header from C:\WINDOWS\System32\sechost.dll
[0618/023151.356:ERROR:process_memory_win.cc(73)] ReadMemory at 0x7ff87ca30000 of 64 bytes failed: Only part of a ReadProcessMemory or WriteProcessMemory request was completed. (0x12B)
[0618/023151.356:WARNING:pe_image_reader.cc(340)] could not read dos header from C:\WINDOWS\System32\RPCRT4.dll
[0618/023151.356:ERROR:process_memory_win.cc(73)] ReadMemory at 0x7ff8051d0000 of 64 bytes failed: Only part of a ReadProcessMemory or WriteProcessMemory request was completed. (0x12B)
[0618/023151.356:WARNING:pe_image_reader.cc(340)] could not read dos header from C:\Program Files (x86)\Google\Chrome\Application\83.0.4103.106\chrome.dll
[0618/023151.356:ERROR:process_memory_win.cc(73)] ReadMemory at 0x7ff87c9c0000 of 64 bytes failed: Only part of a ReadProcessMemory or WriteProcessMemory request was completed. (0x12B)
[0618/023151.356:WARNING:pe_image_reader.cc(340)] could not read dos header from C:\WINDOWS\System32\WS2_32.dll
[0618/023151.356:ERROR:process_memory_win.cc(73)] ReadMemory at 0x7ff87d640000 of 64 bytes failed: Only part of a ReadProcessMemory or WriteProcessMemory request was completed. (0x12B)
[0618/023151.356:WARNING:pe_image_reader.cc(340)] could not read dos header from C:\WINDOWS\System32\OLEAUT32.dll
[0618/023151.356:ERROR:process_memory_win.cc(73)] ReadMemory at 0x7ff87b8b0000 of 64 bytes failed: Only part of a ReadProcessMemory or WriteProcessMemory request was completed. (0x12B)
[0618/023151.356:WARNING:pe_image_reader.cc(340)] could not read dos header from C:\WINDOWS\System32\msvcp_win.dll
[0618/023151.356:ERROR:process_memory_win.cc(73)] ReadMemory at 0x7ff87b610000 of 64 bytes failed: Only part of a ReadProcessMemory or WriteProcessMemory request was completed. (0x12B)
[0618/023151.357:WARNING:pe_image_reader.cc(340)] could not read dos header from C:\WINDOWS\System32\ucrtbase.dll
[0618/023151.357:ERROR:process_memory_win.cc(73)] ReadMemory at 0x2040db00000 of 64 bytes failed: Only part of a ReadProcessMemory or WriteProcessMemory request was completed. (0x12B)
[0618/023151.357:WARNING:pe_image_reader.cc(340)] could not read dos header from C:\WINDOWS\System32\combase.dll
[0618/023151.357:ERROR:process_memory_win.cc(73)] ReadMemory at 0x7ff87b5b0000 of 64 bytes failed: Only part of a ReadProcessMemory or WriteProcessMemory request was completed. (0x12B)
[0618/023151.357:WARNING:pe_image_reader.cc(340)] could not read dos header from C:\WINDOWS\System32\WINTRUST.dll
[0618/023151.357:ERROR:process_memory_win.cc(73)] ReadMemory at 0x7ff87ac40000 of 64 bytes failed: Only part of a ReadProcessMemory or WriteProcessMemory request was completed. (0x12B)
[0618/023151.357:WARNING:pe_image_reader.cc(340)] could not read dos header from C:\WINDOWS\System32\MSASN1.dll
[0618/023151.357:ERROR:process_memory_win.cc(73)] ReadMemory at 0x7ff87b980000 of 64 bytes failed: Only part of a ReadProcessMemory or WriteProcessMemory request was completed. (0x12B)
[0618/023151.357:WARNING:pe_image_reader.cc(340)] could not read dos header from C:\WINDOWS\System32\CRYPT32.dll
[0618/023151.357:ERROR:process_memory_win.cc(73)] ReadMemory at 0x7ff87a160000 of 64 bytes failed: Only part of a ReadProcessMemory or WriteProcessMemory request was completed. (0x12B)
[0618/023151.357:WARNING:pe_image_reader.cc(340)] could not read dos header from C:\WINDOWS\SYSTEM32\IPHLPAPI.DLL
[0618/023151.357:ERROR:process_memory_win.cc(73)] ReadMemory at 0x7ff877200000 of 64 bytes failed: Only part of a ReadProcessMemory or WriteProcessMemory request was completed. (0x12B)
[0618/023151.357:WARNING:pe_image_reader.cc(340)] could not read dos header from C:\WINDOWS\SYSTEM32\WINMM.dll
[0618/023151.357:ERROR:process_memory_win.cc(73)] ReadMemory at 0x7ff86bad0000 of 64 bytes failed: Only part of a ReadProcessMemory or WriteProcessMemory request was completed. (0x12B)
[0618/023151.357:WARNING:pe_image_reader.cc(340)] could not read dos header from C:\WINDOWS\SYSTEM32\Secur32.dll
[0618/023151.357:ERROR:process_memory_win.cc(73)] ReadMemory at 0x7ff87ab00000 of 64 bytes failed: Only part of a ReadProcessMemory or WriteProcessMemory request was completed. (0x12B)
[0618/023151.357:WARNING:pe_image_reader.cc(340)] could not read dos header from C:\WINDOWS\SYSTEM32\USERENV.dll
[0618/023151.357:ERROR:process_memory_win.cc(73)] ReadMemory at 0x7ff87ac10000 of 64 bytes failed: Only part of a ReadProcessMemory or WriteProcessMemory request was completed. (0x12B)
[0618/023151.357:WARNING:pe_image_reader.cc(340)] could not read dos header from C:\WINDOWS\System32\profapi.dll
[0618/023151.357:ERROR:process_memory_win.cc(73)] ReadMemory at 0x7ff849b80000 of 64 bytes failed: Only part of a ReadProcessMemory or WriteProcessMemory request was completed. (0x12B)
[0618/023151.357:WARNING:pe_image_reader.cc(340)] could not read dos header from C:\WINDOWS\SYSTEM32\UIAutomationCore.DLL
[0618/023151.357:ERROR:process_memory_win.cc(73)] ReadMemory at 0x7ff84fe00000 of 64 bytes failed: Only part of a ReadProcessMemory or WriteProcessMemory request was completed. (0x12B)
[0618/023151.357:WARNING:pe_image_reader.cc(340)] could not read dos header from C:\WINDOWS\SYSTEM32\DWrite.dll
[0618/023151.358:ERROR:process_memory_win.cc(73)] ReadMemory at 0x7ff86e3f0000 of 64 bytes failed: Only part of a ReadProcessMemory or WriteProcessMemory request was completed. (0x12B)
[0618/023151.358:WARNING:pe_image_reader.cc(340)] could not read dos header from C:\WINDOWS\SYSTEM32\WINSPOOL.DRV
[0618/023151.358:ERROR:process_memory_win.cc(73)] ReadMemory at 0x7ff87abf0000 of 64 bytes failed: Only part of a ReadProcessMemory or WriteProcessMemory request was completed. (0x12B)
[0618/023151.358:WARNING:pe_image_reader.cc(340)] could not read dos header from C:\WINDOWS\System32\kernel.appcore.dll
[0618/023151.358:ERROR:process_memory_win.cc(73)] ReadMemory at 0x7ff87ad30000 of 64 bytes failed: Only part of a ReadProcessMemory or WriteProcessMemory request was completed. (0x12B)
[0618/023151.358:WARNING:pe_image_reader.cc(340)] could not read dos header from C:\WINDOWS\System32\bcrypt.dll
[0618/023151.358:ERROR:process_memory_win.cc(73)] ReadMemory at 0x7ff8727f0000 of 64 bytes failed: Only part of a ReadProcessMemory or WriteProcessMemory request was completed. (0x12B)
[0618/023151.358:WARNING:pe_image_reader.cc(340)] could not read dos header from C:\WINDOWS\SYSTEM32\dbghelp.dll
[0618/023151.358:ERROR:process_memory_win.cc(73)] ReadMemory at 0x7ff86fc40000 of 64 bytes failed: Only part of a ReadProcessMemory or WriteProcessMemory request was completed. (0x12B)
[0618/023151.358:WARNING:pe_image_reader.cc(340)] could not read dos header from C:\WINDOWS\SYSTEM32\WINHTTP.dll
[0618/023151.358:ERROR:process_memory_win.cc(73)] ReadMemory at 0x7ff8734c0000 of 64 bytes failed: Only part of a ReadProcessMemory or WriteProcessMemory request was completed. (0x12B)
[0618/023151.358:WARNING:pe_image_reader.cc(340)] could not read dos header from C:\WINDOWS\SYSTEM32\dhcpcsvc.DLL
[0618/023151.358:ERROR:process_memory_win.cc(73)] ReadMemory at 0x7ff87c0b0000 of 64 bytes failed: Only part of a ReadProcessMemory or WriteProcessMemory request was completed. (0x12B)
[0618/023151.358:WARNING:pe_image_reader.cc(340)] could not read dos header from C:\WINDOWS\System32\NSI.dll
[0618/023151.358:ERROR:process_memory_win.cc(73)] ReadMemory at 0x7ff8771c0000 of 64 bytes failed: Only part of a ReadProcessMemory or WriteProcessMemory request was completed. (0x12B)
[0618/023151.358:WARNING:pe_image_reader.cc(340)] could not read dos header from C:\WINDOWS\SYSTEM32\WINMMBASE.dll
[0618/023151.358:ERROR:process_memory_win.cc(73)] ReadMemory at 0x7ff87bad0000 of 64 bytes failed: Only part of a ReadProcessMemory or WriteProcessMemory request was completed. (0x12B)
[0618/023151.358:WARNING:pe_image_reader.cc(340)] could not read dos header from C:\WINDOWS\System32\cfgmgr32.dll
[0618/023151.358:ERROR:process_memory_win.cc(73)] ReadMemory at 0x7ff876c70000 of 64 bytes failed: Only part of a ReadProcessMemory or WriteProcessMemory request was completed. (0x12B)
[0618/023151.358:WARNING:pe_image_reader.cc(340)] could not read dos header from C:\WINDOWS\SYSTEM32\PROPSYS.dll
[0618/023151.358:ERROR:process_memory_win.cc(73)] ReadMemory at 0x7ff87bff0000 of 64 bytes failed: Only part of a ReadProcessMemory or WriteProcessMemory request was completed. (0x12B)
[0618/023151.358:WARNING:pe_image_reader.cc(340)] could not read dos header from C:\WINDOWS\System32\shcore.dll
[0618/023151.358:ERROR:process_memory_win.cc(73)] ReadMemory at 0x7ff87aad0000 of 64 bytes failed: Only part of a ReadProcessMemory or WriteProcessMemory request was completed. (0x12B)
[0618/023151.358:WARNING:pe_image_reader.cc(340)] could not read dos header from C:\WINDOWS\SYSTEM32\SSPICLI.DLL
[0618/023151.359:ERROR:process_memory_win.cc(73)] ReadMemory at 0x7ff87a620000 of 64 bytes failed: Only part of a ReadProcessMemory or WriteProcessMemory request was completed. (0x12B)
[0618/023151.359:WARNING:pe_image_reader.cc(340)] could not read dos header from C:\WINDOWS\SYSTEM32\CRYPTBASE.DLL
[0618/023151.375:ERROR:process_memory_win.cc(73)] ReadMemory at 0x8bcabed000 of 77824 bytes failed: Only part of a ReadProcessMemory or WriteProcessMemory request was completed. (0x12B)
[0618/023151.376:ERROR:process_memory_win.cc(73)] ReadMemory at 0x8bcb3fd000 of 12288 bytes failed: Only part of a ReadProcessMemory or WriteProcessMemory request was completed. (0x12B)
[0618/023151.376:ERROR:process_memory_win.cc(73)] ReadMemory at 0x8bcbbfd000 of 12288 bytes failed: Only part of a ReadProcessMemory or WriteProcessMemory request was completed. (0x12B)
[0618/023151.376:ERROR:process_memory_win.cc(73)] ReadMemory at 0x8bcc3fd000 of 12288 bytes failed: Only part of a ReadProcessMemory or WriteProcessMemory request was completed. (0x12B)
[0618/023151.376:ERROR:process_memory_win.cc(73)] ReadMemory at 0x8bccbfb000 of 20480 bytes failed: Only part of a ReadProcessMemory or WriteProcessMemory request was completed. (0x12B)
[0618/023151.376:ERROR:process_memory_win.cc(73)] ReadMemory at 0x8bcd3fe000 of 8192 bytes failed: Only part of a ReadProcessMemory or WriteProcessMemory request was completed. (0x12B)
[0618/023151.376:ERROR:process_memory_win.cc(73)] ReadMemory at 0x8bcdbfd000 of 12288 bytes failed: Only part of a ReadProcessMemory or WriteProcessMemory request was completed. (0x12B)
[0618/023151.376:ERROR:process_memory_win.cc(73)] ReadMemory at 0x8bce3fd000 of 12288 bytes failed: Only part of a ReadProcessMemory or WriteProcessMemory request was completed. (0x12B)
[0618/023151.376:ERROR:process_memory_win.cc(73)] ReadMemory at 0x8bcebfd000 of 12288 bytes failed: Only part of a ReadProcessMemory or WriteProcessMemory request was completed. (0x12B)
[0618/023151.376:ERROR:process_memory_win.cc(73)] ReadMemory at 0x8bcf3fd000 of 12288 bytes failed: Only part of a ReadProcessMemory or WriteProcessMemory request was completed. (0x12B)
[0618/023151.376:ERROR:process_memory_win.cc(73)] ReadMemory at 0x8bcfbfd000 of 12288 bytes failed: Only part of a ReadProcessMemory or WriteProcessMemory request was completed. (0x12B)
[0618/023151.376:ERROR:process_memory_win.cc(73)] ReadMemory at 0x8bd03fd000 of 12288 bytes failed: Only part of a ReadProcessMemory or WriteProcessMemory request was completed. (0x12B)
[0618/023151.376:ERROR:process_memory_win.cc(73)] ReadMemory at 0x8bd0bfd000 of 12288 bytes failed: Only part of a ReadProcessMemory or WriteProcessMemory request was completed. (0x12B)
[0618/023151.377:ERROR:process_memory_win.cc(73)] ReadMemory at 0x8bd13fd000 of 12288 bytes failed: Only part of a ReadProcessMemory or WriteProcessMemory request was completed. (0x12B)
[0618/023151.377:ERROR:process_memory_win.cc(73)] ReadMemory at 0x8bd1bfd000 of 12288 bytes failed: Only part of a ReadProcessMemory or WriteProcessMemory request was completed. (0x12B)
[0618/023151.377:ERROR:process_memory_win.cc(73)] ReadMemory at 0x8bd23fc000 of 16384 bytes failed: Only part of a ReadProcessMemory or WriteProcessMemory request was completed. (0x12B)
[0618/023151.377:ERROR:process_memory_win.cc(73)] ReadMemory at 0x8bd2bfd000 of 12288 bytes failed: Only part of a ReadProcessMemory or WriteProcessMemory request was completed. (0x12B)
[0618/023151.377:ERROR:process_memory_win.cc(73)] ReadMemory at 0x8bd33fd000 of 12288 bytes failed: Only part of a ReadProcessMemory or WriteProcessMemory request was completed. (0x12B)
[0618/023151.377:ERROR:process_memory_win.cc(73)] ReadMemory at 0x8bd3bfd000 of 12288 bytes failed: Only part of a ReadProcessMemory or WriteProcessMemory request was completed. (0x12B)
[0618/023151.377:ERROR:process_memory_win.cc(73)] ReadMemory at 0x8bd43f4000 of 49152 bytes failed: Only part of a ReadProcessMemory or WriteProcessMemory request was completed. (0x12B)
[0618/023151.377:ERROR:process_memory_win.cc(73)] ReadMemory at 0x8bd4bfd000 of 12288 bytes failed: Only part of a ReadProcessMemory or WriteProcessMemory request was completed. (0x12B)
[0618/023151.377:ERROR:process_memory_win.cc(73)] ReadMemory at 0x8bca394000 of 852 bytes failed: Only part of a ReadProcessMemory or WriteProcessMemory request was completed. (0x12B)
[0618/023151.377:ERROR:process_memory_win.cc(73)] ReadMemory at 0x8bca395000 of 6024 bytes failed: Only part of a ReadProcessMemory or WriteProcessMemory request was completed. (0x12B)
[0618/023151.377:ERROR:process_memory_win.cc(73)] ReadMemory at 0x8bca397000 of 6024 bytes failed: Only part of a ReadProcessMemory or WriteProcessMemory request was completed. (0x12B)
[0618/023151.377:ERROR:process_memory_win.cc(73)] ReadMemory at 0x8bca399000 of 6024 bytes failed: Only part of a ReadProcessMemory or WriteProcessMemory request was completed. (0x12B)
[0618/023151.378:ERROR:process_memory_win.cc(73)] ReadMemory at 0x8bca39b000 of 6024 bytes failed: Only part of a ReadProcessMemory or WriteProcessMemory request was completed. (0x12B)
[0618/023151.378:ERROR:process_memory_win.cc(73)] ReadMemory at 0x8bca39d000 of 6024 bytes failed: Only part of a ReadProcessMemory or WriteProcessMemory request was completed. (0x12B)
[0618/023151.378:ERROR:process_memory_win.cc(73)] ReadMemory at 0x8bca39f000 of 6024 bytes failed: Only part of a ReadProcessMemory or WriteProcessMemory request was completed. (0x12B)
[0618/023151.378:ERROR:process_memory_win.cc(73)] ReadMemory at 0x8bca3a1000 of 6024 bytes failed: Only part of a ReadProcessMemory or WriteProcessMemory request was completed. (0x12B)
[0618/023151.378:ERROR:process_memory_win.cc(73)] ReadMemory at 0x8bca3a3000 of 6024 bytes failed: Only part of a ReadProcessMemory or WriteProcessMemory request was completed. (0x12B)
[0618/023151.378:ERROR:process_memory_win.cc(73)] ReadMemory at 0x8bca3a5000 of 6024 bytes failed: Only part of a ReadProcessMemory or WriteProcessMemory request was completed. (0x12B)
[0618/023151.378:ERROR:process_memory_win.cc(73)] ReadMemory at 0x8bca3a7000 of 6024 bytes failed: Only part of a ReadProcessMemory or WriteProcessMemory request was completed. (0x12B)
[0618/023151.378:ERROR:process_memory_win.cc(73)] ReadMemory at 0x8bca3a9000 of 6024 bytes failed: Only part of a ReadProcessMemory or WriteProcessMemory request was completed. (0x12B)
[0618/023151.378:ERROR:process_memory_win.cc(73)] ReadMemory at 0x8bca3ab000 of 6024 bytes failed: Only part of a ReadProcessMemory or WriteProcessMemory request was completed. (0x12B)
[0618/023151.378:ERROR:process_memory_win.cc(73)] ReadMemory at 0x8bca3ad000 of 6024 bytes failed: Only part of a ReadProcessMemory or WriteProcessMemory request was completed. (0x12B)
[0618/023151.378:ERROR:process_memory_win.cc(73)] ReadMemory at 0x8bca3af000 of 6024 bytes failed: Only part of a ReadProcessMemory or WriteProcessMemory request was completed. (0x12B)
[0618/023151.378:ERROR:process_memory_win.cc(73)] ReadMemory at 0x8bca3b1000 of 6024 bytes failed: Only part of a ReadProcessMemory or WriteProcessMemory request was completed. (0x12B)
[0618/023151.379:ERROR:process_memory_win.cc(73)] ReadMemory at 0x8bca3b3000 of 6024 bytes failed: Only part of a ReadProcessMemory or WriteProcessMemory request was completed. (0x12B)
[0618/023151.379:ERROR:process_memory_win.cc(73)] ReadMemory at 0x8bca3b5000 of 6024 bytes failed: Only part of a ReadProcessMemory or WriteProcessMemory request was completed. (0x12B)
[0618/023151.379:ERROR:process_memory_win.cc(73)] ReadMemory at 0x8bca3b7000 of 6024 bytes failed: Only part of a ReadProcessMemory or WriteProcessMemory request was completed. (0x12B)
[0618/023151.379:ERROR:process_memory_win.cc(73)] ReadMemory at 0x8bca3b9000 of 6024 bytes failed: Only part of a ReadProcessMemory or WriteProcessMemory request was completed. (0x12B)
[0618/023151.379:ERROR:process_memory_win.cc(73)] ReadMemory at 0x8bca3bb000 of 6024 bytes failed: Only part of a ReadProcessMemory or WriteProcessMemory request was completed. (0x12B)
[0618/023151.379:ERROR:process_memory_win.cc(73)] ReadMemory at 0x8bca3bd000 of 6024 bytes failed: Only part of a ReadProcessMemory or WriteProcessMemory request was completed. (0x12B)
[0618/023151.379:ERROR:process_memory_win.cc(73)] ReadMemory at 0x2040d390fe0 of 18606 bytes failed: Only part of a ReadProcessMemory or WriteProcessMemory request was completed. (0x12B)
[0618/023151.379:ERROR:process_memory_win.cc(73)] ReadMemory at 0x2040d3958a0 of 1012 bytes failed: Only part of a ReadProcessMemory or WriteProcessMemory request was completed. (0x12B)
[0618/023151.379:ERROR:process_memory_win.cc(73)] ReadMemory at 0x2040d395ee8 of 118 bytes failed: Only part of a ReadProcessMemory or WriteProcessMemory request was completed. (0x12B)
[0618/023151.380:ERROR:process_memory_win.cc(73)] ReadMemory at 0x2040d395f60 of 790 bytes failed: Only part of a ReadProcessMemory or WriteProcessMemory request was completed. (0x12B)
[0618/023151.380:ERROR:process_memory_win.cc(73)] ReadMemory at 0x2040d396278 of 118 bytes failed: Only part of a ReadProcessMemory or WriteProcessMemory request was completed. (0x12B)
[0618/023151.380:ERROR:process_memory_win.cc(73)] ReadMemory at 0x2040d3962f0 of 94 bytes failed: Only part of a ReadProcessMemory or WriteProcessMemory request was completed. (0x12B)
[0618/023151.380:ERROR:process_memory_win.cc(73)] ReadMemory at 0x2040d396360 of 58 bytes failed: Only part of a ReadProcessMemory or WriteProcessMemory request was completed. (0x12B)
[0618/023151.380:ERROR:process_memory_win.cc(73)] ReadMemory at 0x2040d396460 of 132 bytes failed: Only part of a ReadProcessMemory or WriteProcessMemory request was completed. (0x12B)
[0618/023151.380:ERROR:process_memory_win.cc(73)] ReadMemory at 0x2040d3965f0 of 132 bytes failed: Only part of a ReadProcessMemory or WriteProcessMemory request was completed. (0x12B)
[0618/023151.380:ERROR:process_memory_win.cc(73)] ReadMemory at 0x2040d3967b0 of 126 bytes failed: Only part of a ReadProcessMemory or WriteProcessMemory request was completed. (0x12B)
[0618/023151.380:ERROR:process_memory_win.cc(73)] ReadMemory at 0x2040d396b90 of 132 bytes failed: Only part of a ReadProcessMemory or WriteProcessMemory request was completed. (0x12B)
[0618/023151.381:ERROR:process_memory_win.cc(73)] ReadMemory at 0x2040d396d20 of 64 bytes failed: Only part of a ReadProcessMemory or WriteProcessMemory request was completed. (0x12B)
[0618/023151.381:ERROR:process_memory_win.cc(73)] ReadMemory at 0x2040d396e80 of 132 bytes failed: Only part of a ReadProcessMemory or WriteProcessMemory request was completed. (0x12B)
[0618/023151.381:ERROR:process_memory_win.cc(73)] ReadMemory at 0x2040d397010 of 62 bytes failed: Only part of a ReadProcessMemory or WriteProcessMemory request was completed. (0x12B)
[0618/023151.381:ERROR:process_memory_win.cc(73)] ReadMemory at 0x2040d397180 of 132 bytes failed: Only part of a ReadProcessMemory or WriteProcessMemory request was completed. (0x12B)
[0618/023151.381:ERROR:process_memory_win.cc(73)] ReadMemory at 0x2040d397310 of 68 bytes failed: Only part of a ReadProcessMemory or WriteProcessMemory request was completed. (0x12B)
[0618/023151.381:ERROR:process_memory_win.cc(73)] ReadMemory at 0x2040d3a3da0 of 132 bytes failed: Only part of a ReadProcessMemory or WriteProcessMemory request was completed. (0x12B)
[0618/023151.381:ERROR:process_memory_win.cc(73)] ReadMemory at 0x2040d3a3f10 of 132 bytes failed: Only part of a ReadProcessMemory or WriteProcessMemory request was completed. (0x12B)
[0618/023151.381:ERROR:process_memory_win.cc(73)] ReadMemory at 0x2040d3a4120 of 132 bytes failed: Only part of a ReadProcessMemory or WriteProcessMemory request was completed. (0x12B)
[0618/023151.381:ERROR:process_memory_win.cc(73)] ReadMemory at 0x2040d3a4250 of 154 bytes failed: Only part of a ReadProcessMemory or WriteProcessMemory request was completed. (0x12B)
[0618/023151.381:ERROR:process_memory_win.cc(73)] ReadMemory at 0x2040d3a4790 of 132 bytes failed: Only part of a ReadProcessMemory or WriteProcessMemory request was completed. (0x12B)
[0618/023151.381:ERROR:process_memory_win.cc(73)] ReadMemory at 0x2040d3a4ae0 of 132 bytes failed: Only part of a ReadProcessMemory or WriteProcessMemory request was completed. (0x12B)
[0618/023151.382:ERROR:process_memory_win.cc(73)] ReadMemory at 0x2040d3a4c10 of 132 bytes failed: Only part of a ReadProcessMemory or WriteProcessMemory request was completed. (0x12B)
[0618/023151.382:ERROR:process_memory_win.cc(73)] ReadMemory at 0x2040d3a6360 of 146 bytes failed: Only part of a ReadProcessMemory or WriteProcessMemory request was completed. (0x12B)
[0618/023151.382:ERROR:process_memory_win.cc(73)] ReadMemory at 0x2040d3a6440 of 62 bytes failed: Only part of a ReadProcessMemory or WriteProcessMemory request was completed. (0x12B)
[0618/023151.382:ERROR:process_memory_win.cc(73)] ReadMemory at 0x2040d3a6570 of 132 bytes failed: Only part of a ReadProcessMemory or WriteProcessMemory request was completed. (0x12B)
[0618/023151.382:ERROR:process_memory_win.cc(73)] ReadMemory at 0x2040d3a6700 of 60 bytes failed: Only part of a ReadProcessMemory or WriteProcessMemory request was completed. (0x12B)
[0618/023151.382:ERROR:process_memory_win.cc(73)] ReadMemory at 0x2040d3a71a0 of 132 bytes failed: Only part of a ReadProcessMemory or WriteProcessMemory request was completed. (0x12B)
[0618/023151.382:ERROR:process_memory_win.cc(73)] ReadMemory at 0x2040d3a7500 of 132 bytes failed: Only part of a ReadProcessMemory or WriteProcessMemory request was completed. (0x12B)
[0618/023151.382:ERROR:process_memory_win.cc(73)] ReadMemory at 0x2040d3a7d20 of 132 bytes failed: Only part of a ReadProcessMemory or WriteProcessMemory request was completed. (0x12B)
[0618/023151.382:ERROR:process_memory_win.cc(73)] ReadMemory at 0x2040d3a7f60 of 80 bytes failed: Only part of a ReadProcessMemory or WriteProcessMemory request was completed. (0x12B)
[0618/023151.382:ERROR:process_memory_win.cc(73)] ReadMemory at 0x2040d3a90c0 of 132 bytes failed: Only part of a ReadProcessMemory or WriteProcessMemory request was completed. (0x12B)
[0618/023151.382:ERROR:process_memory_win.cc(73)] ReadMemory at 0x2040d3a9320 of 132 bytes failed: Only part of a ReadProcessMemory or WriteProcessMemory request was completed. (0x12B)
[0618/023151.382:ERROR:process_memory_win.cc(73)] ReadMemory at 0x2040d3a9580 of 132 bytes failed: Only part of a ReadProcessMemory or WriteProcessMemory request was completed. (0x12B)
[0618/023151.382:ERROR:process_memory_win.cc(73)] ReadMemory at 0x2040d3a96b0 of 132 bytes failed: Only part of a ReadProcessMemory or WriteProcessMemory request was completed. (0x12B)
[0618/023151.382:ERROR:process_memory_win.cc(73)] ReadMemory at 0x2040d3a9a40 of 132 bytes failed: Only part of a ReadProcessMemory or WriteProcessMemory request was completed. (0x12B)
[0618/023151.382:ERROR:process_memory_win.cc(73)] ReadMemory at 0x2040d3a9f00 of 132 bytes failed: Only part of a ReadProcessMemory or WriteProcessMemory request was completed. (0x12B)
[0618/023151.382:ERROR:process_memory_win.cc(73)] ReadMemory at 0x2040d3aa030 of 132 bytes failed: Only part of a ReadProcessMemory or WriteProcessMemory request was completed. (0x12B)
[0618/023151.382:ERROR:process_memory_win.cc(73)] ReadMemory at 0x2040d3aa620 of 132 bytes failed: Only part of a ReadProcessMemory or WriteProcessMemory request was completed. (0x12B)
[0618/023151.383:ERROR:process_memory_win.cc(73)] ReadMemory at 0x2040d3aa750 of 132 bytes failed: Only part of a ReadProcessMemory or WriteProcessMemory request was completed. (0x12B)
[0618/023151.383:ERROR:process_memory_win.cc(73)] ReadMemory at 0x2040d3aa880 of 132 bytes failed: Only part of a ReadProcessMemory or WriteProcessMemory request was completed. (0x12B)
[0618/023151.383:ERROR:process_memory_win.cc(73)] ReadMemory at 0x2040d3aa9b0 of 132 bytes failed: Only part of a ReadProcessMemory or WriteProcessMemory request was completed. (0x12B)
[0618/023151.383:ERROR:process_memory_win.cc(73)] ReadMemory at 0x2040d3acc30 of 62 bytes failed: Only part of a ReadProcessMemory or WriteProcessMemory request was completed. (0x12B)
[0618/023151.383:ERROR:process_memory_win.cc(73)] ReadMemory at 0x2040d3accd0 of 60 bytes failed: Only part of a ReadProcessMemory or WriteProcessMemory request was completed. (0x12B)
[0618/023151.383:ERROR:process_memory_win.cc(73)] ReadMemory at 0x2040d3acd70 of 64 bytes failed: Only part of a ReadProcessMemory or WriteProcessMemory request was completed. (0x12B)
[0618/023151.383:ERROR:process_memory_win.cc(73)] ReadMemory at 0x2040d3acdc0 of 60 bytes failed: Only part of a ReadProcessMemory or WriteProcessMemory request was completed. (0x12B)
[0618/023151.383:ERROR:process_memory_win.cc(73)] ReadMemory at 0x2040d3ace10 of 60 bytes failed: Only part of a ReadProcessMemory or WriteProcessMemory request was completed. (0x12B)
[0618/023151.383:ERROR:process_memory_win.cc(73)] ReadMemory at 0x2040d3ace60 of 62 bytes failed: Only part of a ReadProcessMemory or WriteProcessMemory request was completed. (0x12B)
[0618/023151.383:ERROR:process_memory_win.cc(73)] ReadMemory at 0x2040d3acf00 of 64 bytes failed: Only part of a ReadProcessMemory or WriteProcessMemory request was completed. (0x12B)
[0618/023151.383:ERROR:process_memory_win.cc(73)] ReadMemory at 0x2040d3acfa0 of 62 bytes failed: Only part of a ReadProcessMemory or WriteProcessMemory request was completed. (0x12B)
[0618/023151.383:ERROR:process_memory_win.cc(73)] ReadMemory at 0x2040d3ad040 of 64 bytes failed: Only part of a ReadProcessMemory or WriteProcessMemory request was completed. (0x12B)
[0618/023151.383:ERROR:process_memory_win.cc(73)] ReadMemory at 0x2040d3ad090 of 62 bytes failed: Only part of a ReadProcessMemory or WriteProcessMemory request was completed. (0x12B)
[0618/023151.383:ERROR:process_memory_win.cc(73)] ReadMemory at 0x2040d3ad0e0 of 62 bytes failed: Only part of a ReadProcessMemory or WriteProcessMemory request was completed. (0x12B)
[0618/023151.383:ERROR:process_memory_win.cc(73)] ReadMemory at 0x2040d3ad310 of 66 bytes failed: Only part of a ReadProcessMemory or WriteProcessMemory request was completed. (0x12B)
[0618/023151.383:ERROR:process_memory_win.cc(73)] ReadMemory at 0x2040d3ad3b0 of 62 bytes failed: Only part of a ReadProcessMemory or WriteProcessMemory request was completed. (0x12B)
[0618/023151.384:ERROR:process_memory_win.cc(73)] ReadMemory at 0x2040d3ad400 of 64 bytes failed: Only part of a ReadProcessMemory or WriteProcessMemory request was completed. (0x12B)
[0618/023151.384:ERROR:process_memory_win.cc(73)] ReadMemory at 0x2040d3ad4a0 of 66 bytes failed: Only part of a ReadProcessMemory or WriteProcessMemory request was completed. (0x12B)
[0618/023151.384:ERROR:process_memory_win.cc(73)] ReadMemory at 0x2040d3ad5e0 of 64 bytes failed: Only part of a ReadProcessMemory or WriteProcessMemory request was completed. (0x12B)
[0618/023151.384:ERROR:process_memory_win.cc(73)] ReadMemory at 0x2040d3ad630 of 62 bytes failed: Only part of a ReadProcessMemory or WriteProcessMemory request was completed. (0x12B)
[0618/023151.384:ERROR:process_memory_win.cc(73)] ReadMemory at 0x2040d3ad680 of 60 bytes failed: Only part of a ReadProcessMemory or WriteProcessMemory request was completed. (0x12B)
[0618/023151.384:ERROR:process_memory_win.cc(73)] ReadMemory at 0x2040d3ad720 of 62 bytes failed: Only part of a ReadProcessMemory or WriteProcessMemory request was completed. (0x12B)
[0618/023151.384:ERROR:process_memory_win.cc(73)] ReadMemory at 0x2040d3ad810 of 62 bytes failed: Only part of a ReadProcessMemory or WriteProcessMemory request was completed. (0x12B)
[0618/023151.384:ERROR:process_memory_win.cc(73)] ReadMemory at 0x2040d3ad8b0 of 62 bytes failed: Only part of a ReadProcessMemory or WriteProcessMemory request was completed. (0x12B)
[0618/023151.384:ERROR:process_memory_win.cc(73)] ReadMemory at 0x2040d3ad950 of 60 bytes failed: Only part of a ReadProcessMemory or WriteProcessMemory request was completed. (0x12B)
[0618/023151.384:ERROR:process_memory_win.cc(73)] ReadMemory at 0x2040d3ad9a0 of 60 bytes failed: Only part of a ReadProcessMemory or WriteProcessMemory request was completed. (0x12B)
[0618/023151.384:ERROR:process_memory_win.cc(73)] ReadMemory at 0x2040d3ad9f0 of 64 bytes failed: Only part of a ReadProcessMemory or WriteProcessMemory request was completed. (0x12B)
[0618/023151.384:ERROR:process_memory_win.cc(73)] ReadMemory at 0x2040d3ada40 of 64 bytes failed: Only part of a ReadProcessMemory or WriteProcessMemory request was completed. (0x12B)
[0618/023151.384:ERROR:process_memory_win.cc(73)] ReadMemory at 0x2040d3ada90 of 58 bytes failed: Only part of a ReadProcessMemory or WriteProcessMemory request was completed. (0x12B)
[0618/023151.384:ERROR:process_memory_win.cc(73)] ReadMemory at 0x2040d3adae0 of 64 bytes failed: Only part of a ReadProcessMemory or WriteProcessMemory request was completed. (0x12B)
[0618/023151.384:ERROR:process_memory_win.cc(73)] ReadMemory at 0x2040d3aec00 of 132 bytes failed: Only part of a ReadProcessMemory or WriteProcessMemory request was completed. (0x12B)
[0618/023151.384:ERROR:process_memory_win.cc(73)] ReadMemory at 0x2040d3aee30 of 132 bytes failed: Only part of a ReadProcessMemory or WriteProcessMemory request was completed. (0x12B)
[0618/023151.384:ERROR:process_memory_win.cc(73)] ReadMemory at 0x2040d3b0840 of 54 bytes failed: Only part of a ReadProcessMemory or WriteProcessMemory request was completed. (0x12B)
[0618/023151.385:ERROR:process_memory_win.cc(73)] ReadMemory at 0x2040d3b0bd0 of 132 bytes failed: Only part of a ReadProcessMemory or WriteProcessMemory request was completed. (0x12B)
[0618/023151.385:ERROR:process_memory_win.cc(73)] ReadMemory at 0x2040d3b0d00 of 132 bytes failed: Only part of a ReadProcessMemory or WriteProcessMemory request was completed. (0x12B)
[0618/023151.385:ERROR:process_memory_win.cc(73)] ReadMemory at 0x2040d3b0e30 of 132 bytes failed: Only part of a ReadProcessMemory or WriteProcessMemory request was completed. (0x12B)
[0618/023151.385:ERROR:process_memory_win.cc(73)] ReadMemory at 0x2040d3b0f60 of 132 bytes failed: Only part of a ReadProcessMemory or WriteProcessMemory request was completed. (0x12B)
[0618/023151.385:ERROR:process_memory_win.cc(73)] ReadMemory at 0x2040d3b1090 of 132 bytes failed: Only part of a ReadProcessMemory or WriteProcessMemory request was completed. (0x12B)
[0618/023151.385:ERROR:process_memory_win.cc(73)] ReadMemory at 0x2040d3b12f0 of 132 bytes failed: Only part of a ReadProcessMemory or WriteProcessMemory request was completed. (0x12B)
[0618/023151.385:ERROR:process_memory_win.cc(73)] ReadMemory at 0x2040d3b1420 of 132 bytes failed: Only part of a ReadProcessMemory or WriteProcessMemory request was completed. (0x12B)
[0618/023151.385:ERROR:process_memory_win.cc(73)] ReadMemory at 0x2040d3b1550 of 132 bytes failed: Only part of a ReadProcessMemory or WriteProcessMemory request was completed. (0x12B)
[0618/023151.385:ERROR:process_memory_win.cc(73)] ReadMemory at 0x2040d3b1680 of 132 bytes failed: Only part of a ReadProcessMemory or WriteProcessMemory request was completed. (0x12B)
[0618/023151.385:ERROR:process_memory_win.cc(73)] ReadMemory at 0x2040d3b17b0 of 132 bytes failed: Only part of a ReadProcessMemory or WriteProcessMemory request was completed. (0x12B)
[0618/023151.385:ERROR:process_memory_win.cc(73)] ReadMemory at 0x2040d3b18e0 of 132 bytes failed: Only part of a ReadProcessMemory or WriteProcessMemory request was completed. (0x12B)
[0618/023151.385:ERROR:process_memory_win.cc(73)] ReadMemory at 0x2040d3b1a10 of 132 bytes failed: Only part of a ReadProcessMemory or WriteProcessMemory request was completed. (0x12B)
[0618/023151.385:ERROR:process_memory_win.cc(73)] ReadMemory at 0x2040d3b21e0 of 80 bytes failed: Only part of a ReadProcessMemory or WriteProcessMemory request was completed. (0x12B)
[0618/023151.385:ERROR:process_memory_win.cc(73)] ReadMemory at 0x2040d3b2480 of 76 bytes failed: Only part of a ReadProcessMemory or WriteProcessMemory request was completed. (0x12B)
[0618/023151.385:ERROR:process_memory_win.cc(73)] ReadMemory at 0x2040d3b6050 of 512 bytes failed: Only part of a ReadProcessMemory or WriteProcessMemory request was completed. (0x12B)
[0618/023151.386:ERROR:process_memory_win.cc(73)] ReadMemory at 0x2040d3cba90 of 512 bytes failed: Only part of a ReadProcessMemory or WriteProcessMemory request was completed. (0x12B)
[0618/023151.386:ERROR:process_memory_win.cc(73)] ReadMemory at 0x2040da10f40 of 512 bytes failed: Only part of a ReadProcessMemory or WriteProcessMemory request was completed. (0x12B)
[0618/023151.386:ERROR:process_memory_win.cc(73)] ReadMemory at 0x2040de40000 of 384 bytes failed: Only part of a ReadProcessMemory or WriteProcessMemory request was completed. (0x12B)
[0618/023151.386:ERROR:process_memory_win.cc(73)] ReadMemory at 0x2040de84a40 of 512 bytes failed: Only part of a ReadProcessMemory or WriteProcessMemory request was completed. (0x12B)
[0618/023151.386:ERROR:process_memory_win.cc(73)] ReadMemory at 0x2040de8a408 of 512 bytes failed: Only part of a ReadProcessMemory or WriteProcessMemory request was completed. (0x12B)
[0618/023151.386:ERROR:process_memory_win.cc(73)] ReadMemory at 0x2040de9a530 of 712 bytes failed: Only part of a ReadProcessMemory or WriteProcessMemory request was completed. (0x12B)
[0618/023151.386:ERROR:process_memory_win.cc(73)] ReadMemory at 0x2040dea5250 of 512 bytes failed: Only part of a ReadProcessMemory or WriteProcessMemory request was completed. (0x12B)
[0618/023151.386:ERROR:process_memory_win.cc(73)] ReadMemory at 0x2040ded2b70 of 512 bytes failed: Only part of a ReadProcessMemory or WriteProcessMemory request was completed. (0x12B)
[0618/023151.387:ERROR:process_memory_win.cc(73)] ReadMemory at 0x2040deeb850 of 512 bytes failed: Only part of a ReadProcessMemory or WriteProcessMemory request was completed. (0x12B)
[0618/023151.387:ERROR:process_memory_win.cc(73)] ReadMemory at 0x2040def1d10 of 512 bytes failed: Only part of a ReadProcessMemory or WriteProcessMemory request was completed. (0x12B)
[0618/023151.387:ERROR:process_memory_win.cc(73)] ReadMemory at 0x2040f560000 of 384 bytes failed: Only part of a ReadProcessMemory or WriteProcessMemory request was completed. (0x12B)
[0618/023151.387:ERROR:process_memory_win.cc(73)] ReadMemory at 0x2041043c450 of 512 bytes failed: Only part of a ReadProcessMemory or WriteProcessMemory request was completed. (0x12B)
[0618/023151.387:ERROR:process_memory_win.cc(73)] ReadMemory at 0x20410512fd0 of 512 bytes failed: Only part of a ReadProcessMemory or WriteProcessMemory request was completed. (0x12B)
[0618/023151.387:ERROR:process_memory_win.cc(73)] ReadMemory at 0x204108de930 of 512 bytes failed: Only part of a ReadProcessMemory or WriteProcessMemory request was completed. (0x12B)
[0618/023151.387:ERROR:process_memory_win.cc(73)] ReadMemory at 0x20410b66a10 of 512 bytes failed: Only part of a ReadProcessMemory or WriteProcessMemory request was completed. (0x12B)
[0618/023151.387:ERROR:process_memory_win.cc(73)] ReadMemory at 0x143b126c18c0 of 512 bytes failed: Only part of a ReadProcessMemory or WriteProcessMemory request was completed. (0x12B)
[0618/023151.387:ERROR:process_memory_win.cc(73)] ReadMemory at 0x7ff8052c488d of 512 bytes failed: Only part of a ReadProcessMemory or WriteProcessMemory request was completed. (0x12B)
[0618/023151.387:ERROR:process_memory_win.cc(73)] ReadMemory at 0x7ff8070929f0 of 512 bytes failed: Only part of a ReadProcessMemory or WriteProcessMemory request was completed. (0x12B)
[0618/023151.387:ERROR:process_memory_win.cc(73)] ReadMemory at 0x7ff807958cdc of 512 bytes failed: Only part of a ReadProcessMemory or WriteProcessMemory request was completed. (0x12B)
[0618/023151.387:ERROR:process_memory_win.cc(73)] ReadMemory at 0x7ff80c1eb14d of 512 bytes failed: Only part of a ReadProcessMemory or WriteProcessMemory request was completed. (0x12B)
[0618/023151.387:ERROR:process_memory_win.cc(73)] ReadMemory at 0x7ff80cdad518 of 512 bytes failed: Only part of a ReadProcessMemory or WriteProcessMemory request was completed. (0x12B)
[0618/023151.387:ERROR:process_memory_win.cc(73)] ReadMemory at 0x7ff87bb5a719 of 512 bytes failed: Only part of a ReadProcessMemory or WriteProcessMemory request was completed. (0x12B)
[0618/023151.387:ERROR:process_memory_win.cc(73)] ReadMemory at 0x7ff87dd6073d of 512 bytes failed: Only part of a ReadProcessMemory or WriteProcessMemory request was completed. (0x12B)
[0618/023151.387:ERROR:process_memory_win.cc(73)] ReadMemory at 0x7ff87ddbc074 of 672 bytes failed: Only part of a ReadProcessMemory or WriteProcessMemory request was completed. (0x12B)
[0618/023151.388:ERROR:process_memory_win.cc(73)] ReadMemory at 0x7ff87ddbc674 of 512 bytes failed: Only part of a ReadProcessMemory or WriteProcessMemory request was completed. (0x12B)
[0618/023151.388:ERROR:process_memory_win.cc(73)] ReadMemory at 0x7ff87ddbf924 of 608 bytes failed: Only part of a ReadProcessMemory or WriteProcessMemory request was completed. (0x12B)
[0618/023151.388:ERROR:process_memory_win.cc(73)] ReadMemory at 0x7ff87de4c428 of 18 bytes failed: Only part of a ReadProcessMemory or WriteProcessMemory request was completed. (0x12B)
[0618/023151.388:ERROR:process_memory_win.cc(73)] ReadMemory at 0x7ff87de7f4f8 of 40 bytes failed: Only part of a ReadProcessMemory or WriteProcessMemory request was completed. (0x12B)
[0618/023151.388:ERROR:process_memory_win.cc(73)] ReadMemory at 0x7ff87de7f978 of 48 bytes failed: Only part of a ReadProcessMemory or WriteProcessMemory request was completed. (0x12B)
[0618/023151.388:ERROR:process_memory_win.cc(73)] ReadMemory at 0x7ff87de853c0 of 64 bytes failed: Only part of a ReadProcessMemory or WriteProcessMemory request was completed. (0x12B)
[0618/023151.390:ERROR:scoped_process_suspend.cc(40)] NtResumeProcess: An attempt was made to access an exiting process. (0xc000010a)
